<?xml version="1.0" encoding="UTF-8"?>
<!-- Generated by org.testng.reporters.JUnitXMLReporter -->
<testsuite ignored="0" hostname="exactpro-nb156" failures="0" tests="5" name="Test Automation Demo Testcases" time="119.7" errors="0" timestamp="02 Apr 2023 16:23:25 GMT">
  <testcase classname="com.automation.testcases.HomePageTest" name="homePageLogoTest" time="5.426"/>
  <testcase classname="com.automation.testcases.LogonPageTest" name="loginPageLogoTest" time="0.028"/>
  <testcase classname="com.automation.testcases.HomePageTest" name="homePageTaskLinkTest" time="12.231"/>
  <testcase classname="com.automation.testcases.LogonPageTest" name="LoginTest" time="0.16"/>
  <testcase classname="com.automation.testcases.LogonPageTest" name="LoginTest" time="0.156"/>
</testsuite> <!-- Test Automation Demo Testcases -->
